  main.cpp
C:\Users\mmill\source\repos\miller_HW3\miller_HW3\main.cpp(80,33): warning C4244: '=': conversion from 'double' to 'float', possible loss of data
C:\Users\mmill\source\repos\miller_HW3\miller_HW3\main.cpp(81,33): warning C4244: '=': conversion from 'double' to 'float', possible loss of data
C:\Users\mmill\source\repos\miller_HW3\miller_HW3\main.cpp(84,33): warning C4244: '=': conversion from 'double' to 'float', possible loss of data
C:\Users\mmill\source\repos\miller_HW3\miller_HW3\main.cpp(85,33): warning C4244: '=': conversion from 'double' to 'float', possible loss of data
C:\Users\mmill\source\repos\miller_HW3\miller_HW3\main.cpp(90,33): warning C4244: '=': conversion from 'double' to 'float', possible loss of data
C:\Users\mmill\source\repos\miller_HW3\miller_HW3\main.cpp(91,33): warning C4244: '=': conversion from 'double' to 'float', possible loss of data
C:\Users\mmill\source\repos\miller_HW3\miller_HW3\main.cpp(94,33): warning C4244: '=': conversion from 'double' to 'float', possible loss of data
C:\Users\mmill\source\repos\miller_HW3\miller_HW3\main.cpp(95,33): warning C4244: '=': conversion from 'double' to 'float', possible loss of data
C:\Users\mmill\source\repos\miller_HW3\miller_HW3\main.cpp(101,33): warning C4244: '=': conversion from 'double' to 'float', possible loss of data
C:\Users\mmill\source\repos\miller_HW3\miller_HW3\main.cpp(102,33): warning C4244: '=': conversion from 'double' to 'float', possible loss of data
C:\Users\mmill\source\repos\miller_HW3\miller_HW3\main.cpp(105,33): warning C4244: '=': conversion from 'double' to 'float', possible loss of data
C:\Users\mmill\source\repos\miller_HW3\miller_HW3\main.cpp(106,33): warning C4244: '=': conversion from 'double' to 'float', possible loss of data
C:\Users\mmill\source\repos\miller_HW3\miller_HW3\main.cpp(132,24): warning C4244: 'argument': conversion from 'int' to 'GLfloat', possible loss of data
C:\Users\mmill\source\repos\miller_HW3\miller_HW3\main.cpp(133,24): warning C4244: 'argument': conversion from 'int' to 'GLfloat', possible loss of data
C:\Users\mmill\source\repos\miller_HW3\miller_HW3\main.cpp(138,33): warning C4244: 'argument': conversion from 'int' to 'GLfloat', possible loss of data
C:\Users\mmill\source\repos\miller_HW3\miller_HW3\main.cpp(139,32): warning C4244: 'argument': conversion from 'int' to 'GLfloat', possible loss of data
C:\Users\mmill\source\repos\miller_HW3\miller_HW3\main.cpp(195,52): warning C4244: 'argument': conversion from 'double' to 'GLsizei', possible loss of data
C:\Users\mmill\source\repos\miller_HW3\miller_HW3\main.cpp(195,38): warning C4244: 'argument': conversion from 'double' to 'GLsizei', possible loss of data
C:\Users\mmill\source\repos\miller_HW3\miller_HW3\main.cpp(195,22): warning C4244: 'argument': conversion from 'double' to 'GLint', possible loss of data
C:\Users\mmill\source\repos\miller_HW3\miller_HW3\main.cpp(196,34): warning C4244: 'argument': conversion from 'double' to 'int', possible loss of data
C:\Users\mmill\source\repos\miller_HW3\miller_HW3\main.cpp(196,20): warning C4244: 'argument': conversion from 'double' to 'int', possible loss of data
C:\Users\mmill\source\repos\miller_HW3\miller_HW3\main.cpp(203,42): warning C4244: 'argument': conversion from 'double' to 'GLsizei', possible loss of data
C:\Users\mmill\source\repos\miller_HW3\miller_HW3\main.cpp(203,28): warning C4244: 'argument': conversion from 'double' to 'GLsizei', possible loss of data
C:\Users\mmill\source\repos\miller_HW3\miller_HW3\main.cpp(204,34): warning C4244: 'argument': conversion from 'double' to 'int', possible loss of data
C:\Users\mmill\source\repos\miller_HW3\miller_HW3\main.cpp(204,20): warning C4244: 'argument': conversion from 'double' to 'int', possible loss of data
C:\Users\mmill\source\repos\miller_HW3\miller_HW3\main.cpp(211,63): warning C4244: 'argument': conversion from 'double' to 'GLsizei', possible loss of data
C:\Users\mmill\source\repos\miller_HW3\miller_HW3\main.cpp(211,49): warning C4244: 'argument': conversion from 'double' to 'GLsizei', possible loss of data
C:\Users\mmill\source\repos\miller_HW3\miller_HW3\main.cpp(211,36): warning C4244: 'argument': conversion from 'double' to 'GLint', possible loss of data
C:\Users\mmill\source\repos\miller_HW3\miller_HW3\main.cpp(211,22): warning C4244: 'argument': conversion from 'double' to 'GLint', possible loss of data
C:\Users\mmill\source\repos\miller_HW3\miller_HW3\main.cpp(212,34): warning C4244: 'argument': conversion from 'double' to 'int', possible loss of data
C:\Users\mmill\source\repos\miller_HW3\miller_HW3\main.cpp(212,20): warning C4244: 'argument': conversion from 'double' to 'int', possible loss of data
C:\Users\mmill\source\repos\miller_HW3\miller_HW3\main.cpp(219,53): warning C4244: 'argument': conversion from 'double' to 'GLsizei', possible loss of data
C:\Users\mmill\source\repos\miller_HW3\miller_HW3\main.cpp(219,39): warning C4244: 'argument': conversion from 'double' to 'GLsizei', possible loss of data
C:\Users\mmill\source\repos\miller_HW3\miller_HW3\main.cpp(219,26): warning C4244: 'argument': conversion from 'double' to 'GLint', possible loss of data
C:\Users\mmill\source\repos\miller_HW3\miller_HW3\main.cpp(220,34): warning C4244: 'argument': conversion from 'double' to 'int', possible loss of data
C:\Users\mmill\source\repos\miller_HW3\miller_HW3\main.cpp(220,20): warning C4244: 'argument': conversion from 'double' to 'int', possible loss of data
  miller_HW3.vcxproj -> C:\Users\mmill\source\repos\miller_HW3\x64\Debug\miller_HW3.exe
