  main.cpp
C:\Users\mmill\source\repos\Miller_HW2\Miller_HW2\main.cpp(43,44): warning C4244: '=': conversion from 'double' to 'float', possible loss of data
C:\Users\mmill\source\repos\Miller_HW2\Miller_HW2\main.cpp(44,44): warning C4244: '=': conversion from 'double' to 'float', possible loss of data
C:\Users\mmill\source\repos\Miller_HW2\Miller_HW2\main.cpp(46,44): warning C4244: '=': conversion from 'double' to 'float', possible loss of data
C:\Users\mmill\source\repos\Miller_HW2\Miller_HW2\main.cpp(47,44): warning C4244: '=': conversion from 'double' to 'float', possible loss of data
C:\Users\mmill\source\repos\Miller_HW2\Miller_HW2\main.cpp(54,44): warning C4244: '=': conversion from 'double' to 'float', possible loss of data
C:\Users\mmill\source\repos\Miller_HW2\Miller_HW2\main.cpp(55,44): warning C4244: '=': conversion from 'double' to 'float', possible loss of data
C:\Users\mmill\source\repos\Miller_HW2\Miller_HW2\main.cpp(58,44): warning C4244: '=': conversion from 'double' to 'float', possible loss of data
C:\Users\mmill\source\repos\Miller_HW2\Miller_HW2\main.cpp(59,44): warning C4244: '=': conversion from 'double' to 'float', possible loss of data
C:\Users\mmill\source\repos\Miller_HW2\Miller_HW2\main.cpp(66,44): warning C4244: '=': conversion from 'double' to 'float', possible loss of data
C:\Users\mmill\source\repos\Miller_HW2\Miller_HW2\main.cpp(67,44): warning C4244: '=': conversion from 'double' to 'float', possible loss of data
C:\Users\mmill\source\repos\Miller_HW2\Miller_HW2\main.cpp(70,44): warning C4244: '=': conversion from 'double' to 'float', possible loss of data
C:\Users\mmill\source\repos\Miller_HW2\Miller_HW2\main.cpp(71,44): warning C4244: '=': conversion from 'double' to 'float', possible loss of data
C:\Users\mmill\source\repos\Miller_HW2\Miller_HW2\main.cpp(125,24): warning C4244: 'argument': conversion from 'int' to 'GLfloat', possible loss of data
C:\Users\mmill\source\repos\Miller_HW2\Miller_HW2\main.cpp(126,24): warning C4244: 'argument': conversion from 'int' to 'GLfloat', possible loss of data
C:\Users\mmill\source\repos\Miller_HW2\Miller_HW2\main.cpp(131,33): warning C4244: 'argument': conversion from 'int' to 'GLfloat', possible loss of data
C:\Users\mmill\source\repos\Miller_HW2\Miller_HW2\main.cpp(132,32): warning C4244: 'argument': conversion from 'int' to 'GLfloat', possible loss of data
C:\Users\mmill\source\repos\Miller_HW2\Miller_HW2\main.cpp(195,52): warning C4244: 'argument': conversion from 'double' to 'GLsizei', possible loss of data
C:\Users\mmill\source\repos\Miller_HW2\Miller_HW2\main.cpp(195,38): warning C4244: 'argument': conversion from 'double' to 'GLsizei', possible loss of data
C:\Users\mmill\source\repos\Miller_HW2\Miller_HW2\main.cpp(195,22): warning C4244: 'argument': conversion from 'double' to 'GLint', possible loss of data
C:\Users\mmill\source\repos\Miller_HW2\Miller_HW2\main.cpp(196,34): warning C4244: 'argument': conversion from 'double' to 'int', possible loss of data
C:\Users\mmill\source\repos\Miller_HW2\Miller_HW2\main.cpp(196,20): warning C4244: 'argument': conversion from 'double' to 'int', possible loss of data
C:\Users\mmill\source\repos\Miller_HW2\Miller_HW2\main.cpp(203,42): warning C4244: 'argument': conversion from 'double' to 'GLsizei', possible loss of data
C:\Users\mmill\source\repos\Miller_HW2\Miller_HW2\main.cpp(203,28): warning C4244: 'argument': conversion from 'double' to 'GLsizei', possible loss of data
C:\Users\mmill\source\repos\Miller_HW2\Miller_HW2\main.cpp(204,34): warning C4244: 'argument': conversion from 'double' to 'int', possible loss of data
C:\Users\mmill\source\repos\Miller_HW2\Miller_HW2\main.cpp(204,20): warning C4244: 'argument': conversion from 'double' to 'int', possible loss of data
C:\Users\mmill\source\repos\Miller_HW2\Miller_HW2\main.cpp(211,63): warning C4244: 'argument': conversion from 'double' to 'GLsizei', possible loss of data
C:\Users\mmill\source\repos\Miller_HW2\Miller_HW2\main.cpp(211,49): warning C4244: 'argument': conversion from 'double' to 'GLsizei', possible loss of data
C:\Users\mmill\source\repos\Miller_HW2\Miller_HW2\main.cpp(211,36): warning C4244: 'argument': conversion from 'double' to 'GLint', possible loss of data
C:\Users\mmill\source\repos\Miller_HW2\Miller_HW2\main.cpp(211,22): warning C4244: 'argument': conversion from 'double' to 'GLint', possible loss of data
C:\Users\mmill\source\repos\Miller_HW2\Miller_HW2\main.cpp(212,34): warning C4244: 'argument': conversion from 'double' to 'int', possible loss of data
C:\Users\mmill\source\repos\Miller_HW2\Miller_HW2\main.cpp(212,20): warning C4244: 'argument': conversion from 'double' to 'int', possible loss of data
C:\Users\mmill\source\repos\Miller_HW2\Miller_HW2\main.cpp(219,53): warning C4244: 'argument': conversion from 'double' to 'GLsizei', possible loss of data
C:\Users\mmill\source\repos\Miller_HW2\Miller_HW2\main.cpp(219,39): warning C4244: 'argument': conversion from 'double' to 'GLsizei', possible loss of data
C:\Users\mmill\source\repos\Miller_HW2\Miller_HW2\main.cpp(219,26): warning C4244: 'argument': conversion from 'double' to 'GLint', possible loss of data
C:\Users\mmill\source\repos\Miller_HW2\Miller_HW2\main.cpp(220,34): warning C4244: 'argument': conversion from 'double' to 'int', possible loss of data
C:\Users\mmill\source\repos\Miller_HW2\Miller_HW2\main.cpp(220,20): warning C4244: 'argument': conversion from 'double' to 'int', possible loss of data
  Miller_HW2.vcxproj -> C:\Users\mmill\source\repos\Miller_HW2\x64\Debug\Miller_HW2.exe
